{
  "RSpec": {
    "coverage": {
      "/Users/ashleyturner/turing/1mod/projects/night_writer/lib/alphabet.rb": {
        "lines": [
          1,
          1,
          null,
          1,
          null,
          0,
          null,
          null,
          null,
          null,
          null,
          null,
          null,
          null,
          null,
          null,
          null,
          null,
          null,
          null,
          null,
          null,
          null,
          null,
          null,
          null,
          null,
          null,
          null,
          null,
          null,
          null,
          null,
          null,
          null
        ]
      }
    },
    "timestamp": 1663970175
  }
}
